CovidHackCamel/app/build/outputs/logs/manifest-merger-debug-report.txt
-- Merging decision tree log ---
manifest
ADDED from src\main\AndroidManifest.xml:2:1-108:12
INJECTED from src\main\AndroidManifest.xml:2:1-108:12
INJECTED from src\main\AndroidManifest.xml:2:1-108:12
INJECTED from src\main\AndroidManifest.xml:2:1-108:12
MERGED from [androidx.databinding:databinding-adapters:3.6.3] AndroidManifest.xml:17:1-24:12
MERGED from [androidx.databinding:databinding-runtime:3.6.3] AndroidManifest.xml:17:1-24:12
MERGED from [com.github.Shashank02051997:FancyToast-Android:0.1.6] AndroidManifest.xml:2:1-16:12
MERGED from [com.google.android.material:material:1.1.0] AndroidManifest.xml:17:1-24:12
MERGED from [androidx.appcompat:appcompat:1.1.0] AndroidManifest.xml:17:1-24:12
MERGED from [androidx.constraintlayout:constraintlayout:1.1.3] AndroidManifest.xml:2:1-11:12
MERGED from [com.github.tbruyelle:rxpermissions:0.10.1] AndroidManifest.xml:2:1-11:12
MERGED from [com.jakewharton.rxbinding2:rxbinding:2.1.1] AndroidManifest.xml:2:1-8:12
MERGED from [com.jakewharton:butterknife:10.2.1] AndroidManifest.xml:2:1-7:12
MERGED from [com.google.firebase:firebase-auth:19.3.1] AndroidManifest.xml:17:1-42:12
MERGED from [com.google.firebase:firebase-database:19.3.0] AndroidManifest.xml:15:1-38:12
MERGED from [com.google.firebase:firebase-storage:19.1.1] AndroidManifest.xml:15:1-39:12
MERGED from [com.google.firebase:firebase-messaging:20.1.6] AndroidManifest.xml:17:1-44:12
MERGED from [com.google.firebase:firebase-analytics:17.4.1] AndroidManifest.xml:2:1-9:12
MERGED from [com.google.firebase:firebase-crashlytics:17.0.0] AndroidManifest.xml:2:1-22:12
MERGED from [com.google.firebase:firebase-perf:19.0.7] AndroidManifest.xml:17:1-40:12
MERGED from [com.google.android.gms:play-services-maps:17.0.0] AndroidManifest.xml:17:1-38:12
MERGED from [com.google.android.gms:play-services-location:17.0.0] AndroidManifest.xml:2:1-9:12
MERGED from [com.github.bumptech.glide:glide:4.11.0] AndroidManifest.xml:2:1-12:12
MERGED from [com.android.volley:volley:1.1.1] AndroidManifest.xml:2:1-11:12
MERGED from [androidx.cardview:cardview:1.0.0] AndroidManifest.xml:17:1-22:12
MERGED from [jp.wasabeef:recyclerview-animators:3.0.0] AndroidManifest.xml:2:1-9:12
MERGED from [androidx.viewpager2:viewpager2:1.0.0] AndroidManifest.xml:17:1-24:12
MERGED from [androidx.recyclerview:recyclerview:1.1.0] AndroidManifest.xml:17:1-24:12
MERGED from [com.squareup.picasso:picasso:2.71828] AndroidManifest.xml:2:1-14:12
MERGED from [androidx.legacy:legacy-support-v4:1.0.0] AndroidManifest.xml:17:1-22:12
MERGED from [com.github.PhilJay:MPAndroidChart:v3.1.0] AndroidManifest.xml:2:1-20:12
MERGED from [com.wajahatkarim3.EasyFlipView:EasyFlipView:3.0.0] AndroidManifest.xml:2:1-11:12
MERGED from [androidx.databinding:viewbinding:3.6.3] AndroidManifest.xml:17:1-22:12
MERGED from [com.google.firebase:firebase-auth-interop:19.0.0] AndroidManifest.xml:2:1-10:12
MERGED from [com.google.firebase:firebase-database-collection:17.0.1] AndroidManifest.xml:2:1-9:12
MERGED from [com.google.android.gms:play-services-measurement-api:17.4.1] AndroidManifest.xml:17:1-36:12
MERGED from [com.google.firebase:firebase-config:19.0.4] AndroidManifest.xml:17:1-38:12
MERGED from [com.google.firebase:firebase-iid:20.1.6] AndroidManifest.xml:17:1-47:12
MERGED from [com.google.firebase:firebase-iid-interop:17.0.0] AndroidManifest.xml:2:1-10:12
MERGED from [com.google.android.gms:play-services-clearcut:17.0.0] AndroidManifest.xml:17:1-24:12
MERGED from [com.google.android.gms:play-services-phenotype:17.0.0] AndroidManifest.xml:17:1-24:12
MERGED from [com.google.android.gms:play-services-base:17.1.0] AndroidManifest.xml:17:1-29:12
MERGED from [com.google.firebase:firebase-datatransport:17.0.3] AndroidManifest.xml:15:1-34:12
MERGED from [com.google.firebase:firebase-installations:16.2.2] AndroidManifest.xml:2:1-23:12
MERGED from [com.google.firebase:firebase-abt:19.0.0] AndroidManifest.xml:2:1-19:12
MERGED from [com.google.firebase:firebase-common:19.3.0] AndroidManifest.xml:15:1-39:12
MERGED from [com.google.firebase:firebase-installations-interop:16.0.0] AndroidManifest.xml:15:1-23:12
MERGED from [com.google.android.gms:play-services-tasks:17.0.0] AndroidManifest.xml:2:1-9:12
MERGED from [com.google.android.gms:play-services-measurement:17.4.1] AndroidManifest.xml:17:1-46:12
MERGED from [com.google.android.gms:play-services-measurement-sdk:17.4.1] AndroidManifest.xml:17:1-25:12
MERGED from [com.google.android.gms:play-services-measurement-impl:17.4.1] AndroidManifest.xml:17:1-31:12
MERGED from [com.google.android.gms:play-services-stats:17.0.0] AndroidManifest.xml:2:1-9:12
MERGED from [com.google.firebase:firebase-measurement-connector:18.0.0] AndroidManifest.xml:17:1-25:12
MERGED from [com.google.android.gms:play-services-places-placereport:17.0.0] AndroidManifest.xml:17:1-24:12
MERGED from [com.google.android.gms:play-services-measurement-sdk-api:17.4.1] AndroidManifest.xml:17:1-27:12
MERGED from [com.google.android.gms:play-services-measurement-base:17.4.1] AndroidManifest.xml:2:1-9:12
MERGED from [com.google.android.gms:play-services-ads-identifier:17.0.0] AndroidManifest.xml:17:1-24:12
MERGED from [com.google.android.gms:play-services-basement:17.0.0] AndroidManifest.xml:17:1-28:12
MERGED from [androidx.fragment:fragment:1.1.0] AndroidManifest.xml:17:1-24:12
MERGED from [androidx.appcompat:appcompat-resources:1.1.0] AndroidManifest.xml:17:1-24:12
MERGED from [androidx.legacy:legacy-support-core-ui:1.0.0] AndroidManifest.xml:17:1-22:12
MERGED from [androidx.drawerlayout:drawerlayout:1.0.0] AndroidManifest.xml:17:1-22:12
MERGED from [androidx.coordinatorlayout:coordinatorlayout:1.1.0] AndroidManifest.xml:17:1-24:12
MERGED from [androidx.transition:transition:1.2.0] AndroidManifest.xml:17:1-24:12
MERGED from [androidx.vectordrawable:vectordrawable-animated:1.1.0] AndroidManifest.xml:17:1-24:12
MERGED from [androidx.vectordrawable:vectordrawable:1.1.0] AndroidManifest.xml:17:1-24:12
MERGED from [com.jakewharton:butterknife-runtime:10.2.1] AndroidManifest.xml:2:1-7:12
MERGED from [androidx.viewpager:viewpager:1.0.0] AndroidManifest.xml:17:1-22:12
MERGED from [androidx.slidingpanelayout:slidingpanelayout:1.0.0] AndroidManifest.xml:17:1-22:12
MERGED from [androidx.customview:customview:1.0.0] AndroidManifest.xml:17:1-22:12
MERGED from [androidx.media:media:1.0.0] AndroidManifest.xml:17:1-22:12
MERGED from [androidx.legacy:legacy-support-core-utils:1.0.0] AndroidManifest.xml:17:1-22:12
MERGED from [androidx.loader:loader:1.0.0] AndroidManifest.xml:17:1-22:12
MERGED from [androidx.activity:activity:1.0.0] AndroidManifest.xml:17:1-24:12
MERGED from [androidx.swiperefreshlayout:swiperefreshlayout:1.0.0] AndroidManifest.xml:17:1-22:12
MERGED from [androidx.asynclayoutinflater:asynclayoutinflater:1.0.0] AndroidManifest.xml:17:1-22:12
MERGED from [androidx.core:core:1.1.0] AndroidManifest.xml:17:1-26:12
MERGED from [androidx.lifecycle:lifecycle-runtime:2.1.0] AndroidManifest.xml:17:1-22:12
MERGED from [androidx.versionedparcelable:versionedparcelable:1.1.0] AndroidManifest.xml:17:1-27:12
MERGED from [androidx.cursoradapter:cursoradapter:1.0.0] AndroidManifest.xml:17:1-22:12
MERGED from [androidx.localbroadcastmanager:localbroadcastmanager:1.0.0] AndroidManifest.xml:17:1-22:12
MERGED from [com.google.firebase:firebase-components:16.0.0] AndroidManifest.xml:15:1-23:12
MERGED from [com.google.android.datatransport:transport-backend-cct:2.2.1] AndroidManifest.xml:15:1-38:12
MERGED from [com.google.android.datatransport:transport-runtime:2.2.1] AndroidManifest.xml:15:1-41:12
MERGED from [com.google.firebase:firebase-encoders-json:16.1.0] AndroidManifest.xml:15:1-23:12
MERGED from [com.github.bumptech.glide:gifdecoder:4.11.0] AndroidManifest.xml:2:1-11:12
MERGED from [androidx.exifinterface:exifinterface:1.0.0] AndroidManifest.xml:17:1-22:12
MERGED from [androidx.documentfile:documentfile:1.0.0] AndroidManifest.xml:17:1-22:12
MERGED from [androidx.print:print:1.0.0] AndroidManifest.xml:17:1-22:12
MERGED from [androidx.interpolator:interpolator:1.0.0] AndroidManifest.xml:17:1-22:12
MERGED from [androidx.lifecycle:lifecycle-viewmodel:2.1.0] AndroidManifest.xml:17:1-22:12
MERGED from [androidx.savedstate:savedstate:1.0.0] AndroidManifest.xml:17:1-24:12
MERGED from [androidx.lifecycle:lifecycle-livedata:2.0.0] AndroidManifest.xml:17:1-22:12
MERGED from [androidx.lifecycle:lifecycle-livedata-core:2.0.0] AndroidManifest.xml:17:1-22:12
MERGED from [androidx.arch.core:core-runtime:2.0.0] AndroidManifest.xml:17:1-22:12
MERGED from [io.reactivex.rxjava2:rxandroid:2.0.0] AndroidManifest.xml:15:1-21:12
MERGED from [com.google.android.datatransport:transport-api:2.2.0] AndroidManifest.xml:15:1-22:12
INJECTED from src\main\AndroidManifest.xml:2:1-108:12
INJECTED from src\main\AndroidManifest.xml:2:1-108:12
INJECTED from src\main\AndroidManifest.xml:2:1-108:12
	package
		ADDED from src\main\AndroidManifest.xml:3:5-34
		INJECTED from src\main\AndroidManifest.xml
		INJECTED from src\main\AndroidManifest.xml
	android:versionName
		INJECTED from src\main\AndroidManifest.xml
		ADDED from src\main\AndroidManifest.xml:2:1-108:12
		INJECTED from src\main\AndroidManifest.xml
	android:versionCode
		INJECTED from src\main\AndroidManifest.xml
		ADDED from src\main\AndroidManifest.xml:2:1-108:12
		INJECTED from src\main\AndroidManifest.xml
	xmlns:android
		ADDED from src\main\AndroidManifest.xml:2:11-69
uses-permission#android.permission.ACCESS_FINE_LOCATION
ADDED from src\main\AndroidManifest.xml:10:5-79
	android:name
		ADDED from src\main\AndroidManifest.xml:10:22-76
uses-permission#android.permission.ACCESS_COARSE_LOCATION
ADDED from src\main\AndroidManifest.xml:11:5-81
	android:name
		ADDED from src\main\AndroidManifest.xml:11:22-78
uses-permission#android.permission.ACCESS_BACKGROUND_LOCATION
ADDED from src\main\AndroidManifest.xml:12:5-85
	android:name
		ADDED from src\main\AndroidManifest.xml:12:22-82
uses-permission#android.permission.CALL_PHONE
ADDED from src\main\AndroidManifest.xml:13:5-69
	android:name
		ADDED from src\main\AndroidManifest.xml:13:22-66
uses-permission#android.permission.INTERNET
ADDED from src\main\AndroidManifest.xml:14:5-67
MERGED from [com.google.firebase:firebase-database:19.3.0] AndroidManifest.xml:26:5-67
MERGED from [com.google.firebase:firebase-database:19.3.0] AndroidManifest.xml:26:5-67
MERGED from [com.google.firebase:firebase-storage:19.1.1] AndroidManifest.xml:27:5-67
MERGED from [com.google.firebase:firebase-storage:19.1.1] AndroidManifest.xml:27:5-67
MERGED from [com.google.firebase:firebase-crashlytics:17.0.0] AndroidManifest.xml:10:5-67
MERGED from [com.google.firebase:firebase-crashlytics:17.0.0] AndroidManifest.xml:10:5-67
MERGED from [com.google.firebase:firebase-perf:19.0.7] AndroidManifest.xml:22:5-67
MERGED from [com.google.firebase:firebase-perf:19.0.7] AndroidManifest.xml:22:5-67
MERGED from [com.google.android.gms:play-services-maps:17.0.0] AndroidManifest.xml:24:5-67
MERGED from [com.google.android.gms:play-services-maps:17.0.0] AndroidManifest.xml:24:5-67
MERGED from [com.google.android.gms:play-services-measurement-api:17.4.1] AndroidManifest.xml:22:5-67
MERGED from [com.google.android.gms:play-services-measurement-api:17.4.1] AndroidManifest.xml:22:5-67
MERGED from [com.google.firebase:firebase-config:19.0.4] AndroidManifest.xml:26:5-67
MERGED from [com.google.firebase:firebase-config:19.0.4] AndroidManifest.xml:26:5-67
MERGED from [com.google.firebase:firebase-iid:20.1.6] AndroidManifest.xml:23:5-67
MERGED from [com.google.firebase:firebase-iid:20.1.6] AndroidManifest.xml:23:5-67
MERGED from [com.google.firebase:firebase-installations:16.2.2] AndroidManifest.xml:11:5-67
MERGED from [com.google.firebase:firebase-installations:16.2.2] AndroidManifest.xml:11:5-67
MERGED from [com.google.android.gms:play-services-measurement:17.4.1] AndroidManifest.xml:23:5-67
MERGED from [com.google.android.gms:play-services-measurement:17.4.1] AndroidManifest.xml:23:5-67
MERGED from [com.google.android.gms:play-services-measurement-impl:17.4.1] AndroidManifest.xml:23:5-67
MERGED from [com.google.android.gms:play-services-measurement-impl:17.4.1] AndroidManifest.xml:23:5-67
MERGED from [com.google.android.gms:play-services-measurement-sdk-api:17.4.1] AndroidManifest.xml:23:5-67
MERGED from [com.google.android.gms:play-services-measurement-sdk-api:17.4.1] AndroidManifest.xml:23:5-67
MERGED from [com.google.android.datatransport:transport-backend-cct:2.2.1] AndroidManifest.xml:26:5-67
MERGED from [com.google.android.datatransport:transport-backend-cct:2.2.1] AndroidManifest.xml:26:5-67
	android:name
		ADDED from src\main\AndroidManifest.xml:14:22-64
uses-permission#android.permission.READ_EXTERNAL_STORAGE
ADDED from src\main\AndroidManifest.xml:15:5-80
	android:name
		ADDED from src\main\AndroidManifest.xml:15:22-77
uses-permission#android.permission.READ_PHONE_STATE
ADDED from src\main\AndroidManifest.xml:16:5-74
	android:name
		ADDED from src\main\AndroidManifest.xml:16:22-72
supports-screens
ADDED from src\main\AndroidManifest.xml:18:5-23:39
	android:largeScreens
		ADDED from src\main\AndroidManifest.xml:20:9-36
	android:smallScreens
		ADDED from src\main\AndroidManifest.xml:23:9-36
	android:normalScreens
		ADDED from src\main\AndroidManifest.xml:21:9-37
	android:resizeable
		ADDED from src\main\AndroidManifest.xml:22:9-34
	android:anyDensity
		ADDED from src\main\AndroidManifest.xml:19:9-34
application
ADDED from src\main\AndroidManifest.xml:25:5-106:19
MERGED from [com.github.Shashank02051997:FancyToast-Android:0.1.6] AndroidManifest.xml:11:5-14:38
MERGED from [com.github.Shashank02051997:FancyToast-Android:0.1.6] AndroidManifest.xml:11:5-14:38
MERGED from [com.google.android.material:material:1.1.0] AndroidManifest.xml:22:5-20
MERGED from [com.google.android.material:material:1.1.0] AndroidManifest.xml:22:5-20
MERGED from [androidx.constraintlayout:constraintlayout:1.1.3] AndroidManifest.xml:9:5-20
MERGED from [androidx.constraintlayout:constraintlayout:1.1.3] AndroidManifest.xml:9:5-20
MERGED from [com.github.tbruyelle:rxpermissions:0.10.1] AndroidManifest.xml:9:5-20
MERGED from [com.github.tbruyelle:rxpermissions:0.10.1] AndroidManifest.xml:9:5-20
MERGED from [com.google.firebase:firebase-auth:19.3.1] AndroidManifest.xml:23:5-40:19
MERGED from [com.google.firebase:firebase-auth:19.3.1] AndroidManifest.xml:23:5-40:19
MERGED from [com.google.firebase:firebase-database:19.3.0] AndroidManifest.xml:28:5-36:19
MERGED from [com.google.firebase:firebase-database:19.3.0] AndroidManifest.xml:28:5-36:19
MERGED from [com.google.firebase:firebase-storage:19.1.1] AndroidManifest.xml:29:5-37:19
MERGED from [com.google.firebase:firebase-storage:19.1.1] AndroidManifest.xml:29:5-37:19
MERGED from [com.google.firebase:firebase-messaging:20.1.6] AndroidManifest.xml:22:5-42:19
MERGED from [com.google.firebase:firebase-messaging:20.1.6] AndroidManifest.xml:22:5-42:19
MERGED from [com.google.firebase:firebase-analytics:17.4.1] AndroidManifest.xml:7:5-20
MERGED from [com.google.firebase:firebase-analytics:17.4.1] AndroidManifest.xml:7:5-20
MERGED from [com.google.firebase:firebase-crashlytics:17.0.0] AndroidManifest.xml:12:5-20:19
MERGED from [com.google.firebase:firebase-crashlytics:17.0.0] AndroidManifest.xml:12:5-20:19
MERGED from [com.google.firebase:firebase-perf:19.0.7] AndroidManifest.xml:24:5-38:19
MERGED from [com.google.firebase:firebase-perf:19.0.7] AndroidManifest.xml:24:5-38:19
MERGED from [com.google.android.gms:play-services-maps:17.0.0] AndroidManifest.xml:30:5-36:19
MERGED from [com.google.android.gms:play-services-maps:17.0.0] AndroidManifest.xml:30:5-36:19
MERGED from [com.google.android.gms:play-services-location:17.0.0] AndroidManifest.xml:7:5-20
MERGED from [com.google.android.gms:play-services-location:17.0.0] AndroidManifest.xml:7:5-20
MERGED from [com.github.bumptech.glide:glide:4.11.0] AndroidManifest.xml:10:5-20
MERGED from [com.github.bumptech.glide:glide:4.11.0] AndroidManifest.xml:10:5-20
MERGED from [com.android.volley:volley:1.1.1] AndroidManifest.xml:9:5-20
MERGED from [com.android.volley:volley:1.1.1] AndroidManifest.xml:9:5-20
MERGED from [com.squareup.picasso:picasso:2.71828] AndroidManifest.xml:7:5-12:19
MERGED from [com.squareup.picasso:picasso:2.71828] AndroidManifest.xml:7:5-12:19
MERGED from [com.google.firebase:firebase-auth-interop:19.0.0] AndroidManifest.xml:7:5-8:19
MERGED from [com.google.firebase:firebase-auth-interop:19.0.0] AndroidManifest.xml:7:5-8:19
MERGED from [com.google.android.gms:play-services-measurement-api:17.4.1] AndroidManifest.xml:26:5-34:19
MERGED from [com.google.android.gms:play-services-measurement-api:17.4.1] AndroidManifest.xml:26:5-34:19
MERGED from [com.google.firebase:firebase-config:19.0.4] AndroidManifest.xml:28:5-36:19
MERGED from [com.google.firebase:firebase-config:19.0.4] AndroidManifest.xml:28:5-36:19
MERGED from [com.google.firebase:firebase-iid:20.1.6] AndroidManifest.xml:28:5-45:19
MERGED from [com.google.firebase:firebase-iid:20.1.6] AndroidManifest.xml:28:5-45:19
MERGED from [com.google.firebase:firebase-iid-interop:17.0.0] AndroidManifest.xml:7:5-8:19
MERGED from [com.google.firebase:firebase-iid-interop:17.0.0] AndroidManifest.xml:7:5-8:19
MERGED from [com.google.android.gms:play-services-clearcut:17.0.0] AndroidManifest.xml:22:5-20
MERGED from [com.google.android.gms:play-services-clearcut:17.0.0] AndroidManifest.xml:22:5-20
MERGED from [com.google.android.gms:play-services-phenotype:17.0.0] AndroidManifest.xml:22:5-20
MERGED from [com.google.android.gms:play-services-phenotype:17.0.0] AndroidManifest.xml:22:5-20
MERGED from [com.google.android.gms:play-services-base:17.1.0] AndroidManifest.xml:22:5-27:19
MERGED from [com.google.android.gms:play-services-base:17.1.0] AndroidManifest.xml:22:5-27:19
MERGED from [com.google.firebase:firebase-datatransport:17.0.3] AndroidManifest.xml:24:5-32:19
MERGED from [com.google.firebase:firebase-datatransport:17.0.3] AndroidManifest.xml:24:5-32:19
MERGED from [com.google.firebase:firebase-installations:16.2.2] AndroidManifest.xml:13:5-21:19
MERGED from [com.google.firebase:firebase-installations:16.2.2] AndroidManifest.xml:13:5-21:19
MERGED from [com.google.firebase:firebase-abt:19.0.0] AndroidManifest.xml:11:5-17:19
MERGED from [com.google.firebase:firebase-abt:19.0.0] AndroidManifest.xml:11:5-17:19
MERGED from [com.google.firebase:firebase-common:19.3.0] AndroidManifest.xml:25:5-37:19
MERGED from [com.google.firebase:firebase-common:19.3.0] AndroidManifest.xml:25:5-37:19
MERGED from [com.google.android.gms:play-services-tasks:17.0.0] AndroidManifest.xml:7:5-20
MERGED from [com.google.android.gms:play-services-tasks:17.0.0] AndroidManifest.xml:7:5-20
MERGED from [com.google.android.gms:play-services-measurement:17.4.1] AndroidManifest.xml:28:5-44:19
MERGED from [com.google.android.gms:play-services-measurement:17.4.1] AndroidManifest.xml:28:5-44:19
MERGED from [com.google.android.gms:play-services-measurement-sdk:17.4.1] AndroidManifest.xml:22:5-23:19
MERGED from [com.google.android.gms:play-services-measurement-sdk:17.4.1] AndroidManifest.xml:22:5-23:19
MERGED from [com.google.android.gms:play-services-measurement-impl:17.4.1] AndroidManifest.xml:28:5-29:19
MERGED from [com.google.android.gms:play-services-measurement-impl:17.4.1] AndroidManifest.xml:28:5-29:19
MERGED from [com.google.android.gms:play-services-stats:17.0.0] AndroidManifest.xml:7:5-20
MERGED from [com.google.android.gms:play-services-stats:17.0.0] AndroidManifest.xml:7:5-20
MERGED from [com.google.firebase:firebase-measurement-connector:18.0.0] AndroidManifest.xml:22:5-23:19
MERGED from [com.google.firebase:firebase-measurement-connector:18.0.0] AndroidManifest.xml:22:5-23:19
MERGED from [com.google.android.gms:play-services-places-placereport:17.0.0] AndroidManifest.xml:22:5-20
MERGED from [com.google.android.gms:play-services-places-placereport:17.0.0] AndroidManifest.xml:22:5-20
MERGED from [com.google.android.gms:play-services-measurement-base:17.4.1] AndroidManifest.xml:7:5-20
MERGED from [com.google.android.gms:play-services-measurement-base:17.4.1] AndroidManifest.xml:7:5-20
MERGED from [com.google.android.gms:play-services-ads-identifier:17.0.0] AndroidManifest.xml:22:5-20
MERGED from [com.google.android.gms:play-services-ads-identifier:17.0.0] AndroidManifest.xml:22:5-20
MERGED from [com.google.android.gms:play-services-basement:17.0.0] AndroidManifest.xml:22:5-26:19
MERGED from [com.google.android.gms:play-services-basement:17.0.0] AndroidManifest.xml:22:5-26:19
MERGED from [androidx.core:core:1.1.0] AndroidManifest.xml:24:5-89
MERGED from [androidx.core:core:1.1.0] AndroidManifest.xml:24:5-89
MERGED from [androidx.versionedparcelable:versionedparcelable:1.1.0] AndroidManifest.xml:24:5-25:19
MERGED from [androidx.versionedparcelable:versionedparcelable:1.1.0] AndroidManifest.xml:24:5-25:19
MERGED from [com.google.android.datatransport:transport-backend-cct:2.2.1] AndroidManifest.xml:28:5-36:19
MERGED from [com.google.android.datatransport:transport-backend-cct:2.2.1] AndroidManifest.xml:28:5-36:19
MERGED from [com.google.android.datatransport:transport-runtime:2.2.1] AndroidManifest.xml:25:5-39:19
MERGED from [com.google.android.datatransport:transport-runtime:2.2.1] AndroidManifest.xml:25:5-39:19
MERGED from [com.github.bumptech.glide:gifdecoder:4.11.0] AndroidManifest.xml:9:5-20
MERGED from [com.github.bumptech.glide:gifdecoder:4.11.0] AndroidManifest.xml:9:5-20
	android:appComponentFactory
		ADDED from [androidx.core:core:1.1.0] AndroidManifest.xml:24:18-86
	android:supportsRtl
		ADDED from src\main\AndroidManifest.xml:31:9-35
	android:label
		ADDED from src\main\AndroidManifest.xml:28:9-41
	android:hardwareAccelerated
		ADDED from src\main\AndroidManifest.xml:32:9-44
	android:roundIcon
		ADDED from src\main\AndroidManifest.xml:30:9-54
	android:largeHeap
		ADDED from src\main\AndroidManifest.xml:29:9-33
	android:icon
		ADDED from src\main\AndroidManifest.xml:27:9-43
	android:allowBackup
		ADDED from src\main\AndroidManifest.xml:26:9-35
	android:theme
		ADDED from src\main\AndroidManifest.xml:33:9-65
meta-data#com.google.android.geo.API_KEY
ADDED from src\main\AndroidManifest.xml:43:9-45:55
	android:value
		ADDED from src\main\AndroidManifest.xml:45:13-52
	android:name
		ADDED from src\main\AndroidManifest.xml:44:13-58
activity#com.example.bourbon.activities.arumugam_activities.MapsActivityShelterMapping
ADDED from src\main\AndroidManifest.xml:47:9-49:84
	android:label
		ADDED from src\main\AndroidManifest.xml:49:13-72
	android:name
		ADDED from src\main\AndroidManifest.xml:48:13-86
activity#com.example.bourbon.activities.clement_activities.Customer_Order_Details
ADDED from src\main\AndroidManifest.xml:50:9-90
	android:name
		ADDED from src\main\AndroidManifest.xml:50:19-87
activity#com.example.bourbon.activities.harish_activities.recycler_view_acts.InfectedPeopleInfo
ADDED from src\main\AndroidManifest.xml:51:9-104
	android:name
		ADDED from src\main\AndroidManifest.xml:51:19-101
meta-data#firebase_performance_logcat_enabled
ADDED from src\main\AndroidManifest.xml:54:9-56:36
	android:value
		ADDED from src\main\AndroidManifest.xml:56:13-33
	android:name
		ADDED from src\main\AndroidManifest.xml:55:13-63
activity#com.example.bourbon.activities.harish_activities.Dashboard
ADDED from src\main\AndroidManifest.xml:57:9-65:20
	android:theme
		ADDED from src\main\AndroidManifest.xml:59:13-78
	android:name
		ADDED from src\main\AndroidManifest.xml:58:13-67
intent-filter#action:name:android.intent.action.MAIN+category:name:android.intent.category.LAUNCHER
ADDED from src\main\AndroidManifest.xml:60:13-64:29
action#android.intent.action.MAIN
ADDED from src\main\AndroidManifest.xml:61:17-69
	android:name
		ADDED from src\main\AndroidManifest.xml:61:25-66
category#android.intent.category.LAUNCHER
ADDED from src\main\AndroidManifest.xml:63:17-77
	android:name
		ADDED from src\main\AndroidManifest.xml:63:27-74
activity#com.example.bourbon.activities.harish_activities.PersonLocAct
ADDED from src\main\AndroidManifest.xml:66:9-79
	android:name
		ADDED from src\main\AndroidManifest.xml:66:19-76
activity#com.example.bourbon.activities.clement_activities.Splash_Screen
ADDED from src\main\AndroidManifest.xml:67:9-81
	android:name
		ADDED from src\main\AndroidManifest.xml:67:19-78
activity#com.example.bourbon.activities.clement_activities.Order_Details
ADDED from src\main\AndroidManifest.xml:69:9-81
	android:name
		ADDED from src\main\AndroidManifest.xml:69:19-78
activity#com.example.bourbon.activities.harish_activities.GraphDaily
ADDED from src\main\AndroidManifest.xml:70:9-77
	android:name
		ADDED from src\main\AndroidManifest.xml:70:19-74
activity#com.example.bourbon.activities.clement_activities.Order_Food
ADDED from src\main\AndroidManifest.xml:71:9-78
	android:name
		ADDED from src\main\AndroidManifest.xml:71:19-75
activity#com.example.bourbon.activities.clement_activities.E_Pass
ADDED from src\main\AndroidManifest.xml:72:9-74
	android:name
		ADDED from src\main\AndroidManifest.xml:72:19-71
activity#com.example.bourbon.activities.clement_activities.No_Network
ADDED from src\main\AndroidManifest.xml:73:9-78
	android:name
		ADDED from src\main\AndroidManifest.xml:73:19-75
activity#com.example.bourbon.activities.clement_activities.Store_Menu
ADDED from src\main\AndroidManifest.xml:74:9-78
	android:name
		ADDED from src\main\AndroidManifest.xml:74:19-75
activity#com.example.bourbon.activities.harish_activities.recycler_view_acts.OrderInfo
ADDED from src\main\AndroidManifest.xml:75:9-95
	android:name
		ADDED from src\main\AndroidManifest.xml:75:19-92
activity#com.example.bourbon.activities.harish_activities.recycler_view_acts.ShopInfo
ADDED from src\main\AndroidManifest.xml:76:9-94
	android:name
		ADDED from src\main\AndroidManifest.xml:76:19-91
activity#com.example.bourbon.activities.harish_activities.recycler_view_acts.CustomerOrderInfo
ADDED from src\main\AndroidManifest.xml:77:9-103
	android:name
		ADDED from src\main\AndroidManifest.xml:77:19-100
activity#com.example.bourbon.activities.clement_activities.Store_Registration
ADDED from src\main\AndroidManifest.xml:78:9-86
	android:name
		ADDED from src\main\AndroidManifest.xml:78:19-83
activity#com.example.bourbon.activities.harish_activities.recycler_view_acts.CovidStatusInfo
ADDED from src\main\AndroidManifest.xml:79:9-101
	android:name
		ADDED from src\main\AndroidManifest.xml:79:19-98
activity#com.example.bourbon.activities.clement_activities.Donation
ADDED from src\main\AndroidManifest.xml:80:9-76
	android:name
		ADDED from src\main\AndroidManifest.xml:80:19-73
activity#com.example.bourbon.activities.clement_activities.Volunteer_Registration
ADDED from src\main\AndroidManifest.xml:81:9-90
	android:name
		ADDED from src\main\AndroidManifest.xml:81:19-87
activity#com.example.bourbon.activities.clement_activities.User_Registration
ADDED from src\main\AndroidManifest.xml:82:9-85
	android:name
		ADDED from src\main\AndroidManifest.xml:82:19-82
activity#com.example.bourbon.activities.barathan_activities.user_data
ADDED from src\main\AndroidManifest.xml:83:9-78
	android:name
		ADDED from src\main\AndroidManifest.xml:83:19-75
activity#com.example.bourbon.activities.clement_activities.Startact
ADDED from src\main\AndroidManifest.xml:84:9-76
	android:name
		ADDED from src\main\AndroidManifest.xml:84:19-73
activity#com.example.bourbon.activities.clement_activities.YoutubePlay
ADDED from src\main\AndroidManifest.xml:86:9-79
	android:name
		ADDED from src\main\AndroidManifest.xml:86:19-76
activity#com.example.bourbon.activities.clement_activities.YoutubeList
ADDED from src\main\AndroidManifest.xml:87:9-79
	android:name
		ADDED from src\main\AndroidManifest.xml:87:19-76
activity#com.example.bourbon.activities.clement_activities.Voip
ADDED from src\main\AndroidManifest.xml:88:9-72
	android:name
		ADDED from src\main\AndroidManifest.xml:88:19-69
activity#com.example.bourbon.activities.clement_activities.Verifi
ADDED from src\main\AndroidManifest.xml:89:9-74
	android:name
		ADDED from src\main\AndroidManifest.xml:89:19-71
activity#com.example.bourbon.activities.clement_activities.Upi_payments
ADDED from src\main\AndroidManifest.xml:90:9-80
	android:name
		ADDED from src\main\AndroidManifest.xml:90:19-77
activity#com.example.bourbon.activities.clement_activities.Main2Activity
ADDED from src\main\AndroidManifest.xml:91:9-81
	android:name
		ADDED from src\main\AndroidManifest.xml:91:19-78
activity#com.example.bourbon.activities.clement_activities.EmergencyContactInfo
ADDED from src\main\AndroidManifest.xml:92:9-88
	android:name
		ADDED from src\main\AndroidManifest.xml:92:19-85
activity#com.example.bourbon.activities.arumugam_activities.MapsActivity
ADDED from src\main\AndroidManifest.xml:93:9-81
	android:name
		ADDED from src\main\AndroidManifest.xml:93:19-78
activity#com.example.bourbon.activities.arumugam_activities.HospitalView
ADDED from src\main\AndroidManifest.xml:94:9-81
	android:name
		ADDED from src\main\AndroidManifest.xml:94:19-78
activity#com.example.bourbon.activities.arumugam_activities.MapsActivityGeofencing
ADDED from src\main\AndroidManifest.xml:95:9-91
	android:name
		ADDED from src\main\AndroidManifest.xml:95:19-88
service#com.example.bourbon.activities.clement_activities.MyFirebaseMessagingService
ADDED from src\main\AndroidManifest.xml:97:9-103:19
	android:exported
		ADDED from src\main\AndroidManifest.xml:99:13-37
	android:name
		ADDED from src\main\AndroidManifest.xml:98:13-85
intent-filter#action:name:com.google.firebase.MESSAGING_EVENT
ADDED from src\main\AndroidManifest.xml:100:13-102:29
action#com.google.firebase.MESSAGING_EVENT
ADDED from src\main\AndroidManifest.xml:101:17-78
	android:name
		ADDED from src\main\AndroidManifest.xml:101:25-75
receiver#com.example.bourbon.activities.arumugam_activities.GeofenceBroadcastReceiver
ADDED from src\main\AndroidManifest.xml:105:9-94
	android:name
		ADDED from src\main\AndroidManifest.xml:105:19-91
uses-sdk
INJECTED from src\main\AndroidManifest.xml reason: use-sdk injection requested